0 verbose cli C:\Program Files\nodejs\node.exe C:\Users\jjcha\AppData\Roaming\npm\node_modules\npm\bin\npm-cli.js
1 info using npm@10.7.0
2 info using node@v22.15.0
3 silly config:load:file:C:\Users\jjcha\AppData\Roaming\npm\node_modules\npm\npmrc
4 silly config:load:file:D:\SCARAVISION\iot-panel\.npmrc
5 silly config:load:file:C:\Users\jjcha\.npmrc
6 silly config:load:file:C:\Users\jjcha\AppData\Roaming\npm\etc\npmrc
7 verbose title npm install @types/mqtt
8 verbose argv "install" "--save-dev" "@types/mqtt"
9 verbose logfile logs-max:10 dir:D:\SCARAVISION\iot-panel\.npm-cache\_logs\2025-11-09T05_53_52_324Z-
10 verbose logfile D:\SCARAVISION\iot-panel\.npm-cache\_logs\2025-11-09T05_53_52_324Z-debug-0.log
11 silly logfile done cleaning log files
12 silly idealTree buildDeps
13 silly fetch manifest @types/mqtt@*
14 http fetch GET 200 https://registry.npmjs.org/@types%2fmqtt 1187ms (cache miss)
15 silly placeDep ROOT @types/mqtt@2.5.0 OK for: iot-panel@0.1.0 want: *
16 silly reify moves {}
17 verbose reify failed optional dependency D:\SCARAVISION\iot-panel\node_modules\@tailwindcss\oxide-wasm32-wasi
18 silly reify mark deleted [
18 silly reify   'D:\\SCARAVISION\\iot-panel\\node_modules\\@tailwindcss\\oxide-wasm32-wasi'
18 silly reify ]
19 silly audit bulk request {
19 silly audit   '@alloc/quick-lru': [ '5.2.0' ],
19 silly audit   '@babel/code-frame': [ '7.27.1' ],
19 silly audit   '@babel/compat-data': [ '7.28.5' ],
19 silly audit   '@babel/core': [ '7.28.5' ],
19 silly audit   '@babel/generator': [ '7.28.5' ],
19 silly audit   '@babel/helper-compilation-targets': [ '7.27.2' ],
19 silly audit   '@babel/helper-globals': [ '7.28.0' ],
19 silly audit   '@babel/helper-module-imports': [ '7.27.1' ],
19 silly audit   '@babel/helper-module-transforms': [ '7.28.3' ],
19 silly audit   '@babel/helper-string-parser': [ '7.27.1' ],
19 silly audit   '@babel/helper-validator-identifier': [ '7.28.5' ],
19 silly audit   '@babel/helper-validator-option': [ '7.27.1' ],
19 silly audit   '@babel/helpers': [ '7.28.4' ],
19 silly audit   '@babel/parser': [ '7.28.5' ],
19 silly audit   '@babel/runtime': [ '7.28.4' ],
19 silly audit   '@babel/template': [ '7.27.2' ],
19 silly audit   '@babel/traverse': [ '7.28.5' ],
19 silly audit   '@babel/types': [ '7.28.5' ],
19 silly audit   '@emnapi/core': [ '1.7.0' ],
19 silly audit   '@emnapi/runtime': [ '1.7.0' ],
19 silly audit   '@emnapi/wasi-threads': [ '1.1.0' ],
19 silly audit   '@emotion/babel-plugin': [ '11.13.5' ],
19 silly audit   'convert-source-map': [ '1.9.0', '2.0.0' ],
19 silly audit   '@emotion/cache': [ '11.14.0' ],
19 silly audit   '@emotion/hash': [ '0.9.2' ],
19 silly audit   '@emotion/is-prop-valid': [ '1.4.0' ],
19 silly audit   '@emotion/memoize': [ '0.9.0' ],
19 silly audit   '@emotion/react': [ '11.14.0' ],
19 silly audit   '@emotion/serialize': [ '1.3.3' ],
19 silly audit   '@emotion/sheet': [ '1.4.0' ],
19 silly audit   '@emotion/styled': [ '11.14.1' ],
19 silly audit   '@emotion/unitless': [ '0.10.0' ],
19 silly audit   '@emotion/use-insertion-effect-with-fallbacks': [ '1.2.0' ],
19 silly audit   '@emotion/utils': [ '1.4.2' ],
19 silly audit   '@emotion/weak-memoize': [ '0.4.0' ],
19 silly audit   '@eslint-community/eslint-utils': [ '4.9.0' ],
19 silly audit   'eslint-visitor-keys': [ '3.4.3', '4.2.1' ],
19 silly audit   '@eslint-community/regexpp': [ '4.12.2' ],
19 silly audit   '@eslint/config-array': [ '0.21.1' ],
19 silly audit   '@eslint/config-helpers': [ '0.4.2' ],
19 silly audit   '@eslint/core': [ '0.17.0' ],
19 silly audit   '@eslint/eslintrc': [ '3.3.1' ],
19 silly audit   '@eslint/js': [ '9.39.1' ],
19 silly audit   '@eslint/object-schema': [ '2.1.7' ],
19 silly audit   '@eslint/plugin-kit': [ '0.4.1' ],
19 silly audit   '@humanfs/core': [ '0.19.1' ],
19 silly audit   '@humanfs/node': [ '0.16.7' ],
19 silly audit   '@humanwhocodes/module-importer': [ '1.0.1' ],
19 silly audit   '@humanwhocodes/retry': [ '0.4.3' ],
19 silly audit   '@img/colour': [ '1.0.0' ],
19 silly audit   '@img/sharp-darwin-arm64': [ '0.34.5' ],
19 silly audit   '@img/sharp-darwin-x64': [ '0.34.5' ],
19 silly audit   '@img/sharp-libvips-darwin-arm64': [ '1.2.4' ],
19 silly audit   '@img/sharp-libvips-darwin-x64': [ '1.2.4' ],
19 silly audit   '@img/sharp-libvips-linux-arm': [ '1.2.4' ],
19 silly audit   '@img/sharp-libvips-linux-arm64': [ '1.2.4' ],
19 silly audit   '@img/sharp-libvips-linux-ppc64': [ '1.2.4' ],
19 silly audit   '@img/sharp-libvips-linux-riscv64': [ '1.2.4' ],
19 silly audit   '@img/sharp-libvips-linux-s390x': [ '1.2.4' ],
19 silly audit   '@img/sharp-libvips-linux-x64': [ '1.2.4' ],
19 silly audit   '@img/sharp-libvips-linuxmusl-arm64': [ '1.2.4' ],
19 silly audit   '@img/sharp-libvips-linuxmusl-x64': [ '1.2.4' ],
19 silly audit   '@img/sharp-linux-arm': [ '0.34.5' ],
19 silly audit   '@img/sharp-linux-arm64': [ '0.34.5' ],
19 silly audit   '@img/sharp-linux-ppc64': [ '0.34.5' ],
19 silly audit   '@img/sharp-linux-riscv64': [ '0.34.5' ],
19 silly audit   '@img/sharp-linux-s390x': [ '0.34.5' ],
19 silly audit   '@img/sharp-linux-x64': [ '0.34.5' ],
19 silly audit   '@img/sharp-linuxmusl-arm64': [ '0.34.5' ],
19 silly audit   '@img/sharp-linuxmusl-x64': [ '0.34.5' ],
19 silly audit   '@img/sharp-wasm32': [ '0.34.5' ],
19 silly audit   '@img/sharp-win32-arm64': [ '0.34.5' ],
19 silly audit   '@img/sharp-win32-ia32': [ '0.34.5' ],
19 silly audit   '@img/sharp-win32-x64': [ '0.34.5' ],
19 silly audit   '@jridgewell/gen-mapping': [ '0.3.13' ],
19 silly audit   '@jridgewell/remapping': [ '2.3.5' ],
19 silly audit   '@jridgewell/resolve-uri': [ '3.1.2' ],
19 silly audit   '@jridgewell/sourcemap-codec': [ '1.5.5' ],
19 silly audit   '@jridgewell/trace-mapping': [ '0.3.31' ],
19 silly audit   '@mui/core-downloads-tracker': [ '7.3.5' ],
19 silly audit   '@mui/material': [ '7.3.5' ],
19 silly audit   'react-is': [ '19.2.0', '16.13.1' ],
19 silly audit   '@mui/private-theming': [ '7.3.5' ],
19 silly audit   '@mui/styled-engine': [ '7.3.5' ],
19 silly audit   '@mui/system': [ '7.3.5' ],
19 silly audit   '@mui/types': [ '7.4.8' ],
19 silly audit   '@mui/utils': [ '7.3.5' ],
19 silly audit   '@napi-rs/wasm-runtime': [ '0.2.12' ],
19 silly audit   '@next/env': [ '16.0.1' ],
19 silly audit   '@next/eslint-plugin-next': [ '16.0.1' ],
19 silly audit   '@next/swc-darwin-arm64': [ '16.0.1' ],
19 silly audit   '@next/swc-darwin-x64': [ '16.0.1' ],
19 silly audit   '@next/swc-linux-arm64-gnu': [ '16.0.1' ],
19 silly audit   '@next/swc-linux-arm64-musl': [ '16.0.1' ],
19 silly audit   '@next/swc-linux-x64-gnu': [ '16.0.1' ],
19 silly audit   '@next/swc-linux-x64-musl': [ '16.0.1' ],
19 silly audit   '@next/swc-win32-arm64-msvc': [ '16.0.1' ],
19 silly audit   '@next/swc-win32-x64-msvc': [ '16.0.1' ],
19 silly audit   '@nodelib/fs.scandir': [ '2.1.5' ],
19 silly audit   '@nodelib/fs.stat': [ '2.0.5' ],
19 silly audit   '@nodelib/fs.walk': [ '1.2.8' ],
19 silly audit   '@nolyfill/is-core-module': [ '1.0.39' ],
19 silly audit   '@popperjs/core': [ '2.11.8' ],
19 silly audit   '@rtsao/scc': [ '1.1.0' ],
19 silly audit   '@swc/helpers': [ '0.5.15' ],
19 silly audit   '@tailwindcss/node': [ '4.1.17' ],
19 silly audit   '@tailwindcss/oxide': [ '4.1.17' ],
19 silly audit   '@tailwindcss/oxide-android-arm64': [ '4.1.17' ],
19 silly audit   '@tailwindcss/oxide-darwin-arm64': [ '4.1.17' ],
19 silly audit   '@tailwindcss/oxide-darwin-x64': [ '4.1.17' ],
19 silly audit   '@tailwindcss/oxide-freebsd-x64': [ '4.1.17' ],
19 silly audit   '@tailwindcss/oxide-linux-arm-gnueabihf': [ '4.1.17' ],
19 silly audit   '@tailwindcss/oxide-linux-arm64-gnu': [ '4.1.17' ],
19 silly audit   '@tailwindcss/oxide-linux-arm64-musl': [ '4.1.17' ],
19 silly audit   '@tailwindcss/oxide-linux-x64-gnu': [ '4.1.17' ],
19 silly audit   '@tailwindcss/oxide-linux-x64-musl': [ '4.1.17' ],
19 silly audit   '@tailwindcss/oxide-win32-arm64-msvc': [ '4.1.17' ],
19 silly audit   '@tailwindcss/oxide-win32-x64-msvc': [ '4.1.17' ],
19 silly audit   '@tailwindcss/postcss': [ '4.1.17' ],
19 silly audit   '@tybys/wasm-util': [ '0.10.1' ],
19 silly audit   '@types/estree': [ '1.0.8' ],
19 silly audit   '@types/json-schema': [ '7.0.15' ],
19 silly audit   '@types/json5': [ '0.0.29' ],
19 silly audit   '@types/node': [ '20.19.24' ],
19 silly audit   '@types/parse-json': [ '4.0.2' ],
19 silly audit   '@types/prop-types': [ '15.7.15' ],
19 silly audit   '@types/react': [ '19.2.2' ],
19 silly audit   '@types/react-dom': [ '19.2.2' ],
19 silly audit   '@types/react-transition-group': [ '4.4.12' ],
19 silly audit   '@types/readable-stream': [ '4.0.22' ],
19 silly audit   '@types/ws': [ '8.18.1' ],
19 silly audit   '@typescript-eslint/eslint-plugin': [ '8.46.3' ],
19 silly audit   ignore: [ '7.0.5', '5.3.2' ],
19 silly audit   '@typescript-eslint/parser': [ '8.46.3' ],
19 silly audit   '@typescript-eslint/project-service': [ '8.46.3' ],
19 silly audit   '@typescript-eslint/scope-manager': [ '8.46.3' ],
19 silly audit   '@typescript-eslint/tsconfig-utils': [ '8.46.3' ],
19 silly audit   '@typescript-eslint/type-utils': [ '8.46.3' ],
19 silly audit   '@typescript-eslint/types': [ '8.46.3' ],
19 silly audit   '@typescript-eslint/typescript-estree': [ '8.46.3' ],
19 silly audit   'brace-expansion': [ '2.0.2', '1.1.12' ],
19 silly audit   'fast-glob': [ '3.3.3', '3.3.1' ],
19 silly audit   'glob-parent': [ '5.1.2', '6.0.2' ],
19 silly audit   minimatch: [ '9.0.5', '3.1.2' ],
19 silly audit   semver: [ '7.7.3', '6.3.1' ],
19 silly audit   '@typescript-eslint/utils': [ '8.46.3' ],
19 silly audit   '@typescript-eslint/visitor-keys': [ '8.46.3' ],
19 silly audit   '@unrs/resolver-binding-android-arm-eabi': [ '1.11.1' ],
19 silly audit   '@unrs/resolver-binding-android-arm64': [ '1.11.1' ],
19 silly audit   '@unrs/resolver-binding-darwin-arm64': [ '1.11.1' ],
19 silly audit   '@unrs/resolver-binding-darwin-x64': [ '1.11.1' ],
19 silly audit   '@unrs/resolver-binding-freebsd-x64': [ '1.11.1' ],
19 silly audit   '@unrs/resolver-binding-linux-arm-gnueabihf': [ '1.11.1' ],
19 silly audit   '@unrs/resolver-binding-linux-arm-musleabihf': [ '1.11.1' ],
19 silly audit   '@unrs/resolver-binding-linux-arm64-gnu': [ '1.11.1' ],
19 silly audit   '@unrs/resolver-binding-linux-arm64-musl': [ '1.11.1' ],
19 silly audit   '@unrs/resolver-binding-linux-ppc64-gnu': [ '1.11.1' ],
19 silly audit   '@unrs/resolver-binding-linux-riscv64-gnu': [ '1.11.1' ],
19 silly audit   '@unrs/resolver-binding-linux-riscv64-musl': [ '1.11.1' ],
19 silly audit   '@unrs/resolver-binding-linux-s390x-gnu': [ '1.11.1' ],
19 silly audit   '@unrs/resolver-binding-linux-x64-gnu': [ '1.11.1' ],
19 silly audit   '@unrs/resolver-binding-linux-x64-musl': [ '1.11.1' ],
19 silly audit   '@unrs/resolver-binding-wasm32-wasi': [ '1.11.1' ],
19 silly audit   '@unrs/resolver-binding-win32-arm64-msvc': [ '1.11.1' ],
19 silly audit   '@unrs/resolver-binding-win32-ia32-msvc': [ '1.11.1' ],
19 silly audit   '@unrs/resolver-binding-win32-x64-msvc': [ '1.11.1' ],
19 silly audit   'abort-controller': [ '3.0.0' ],
19 silly audit   acorn: [ '8.15.0' ],
19 silly audit   'acorn-jsx': [ '5.3.2' ],
19 silly audit   ajv: [ '6.12.6' ],
19 silly audit   'ansi-styles': [ '4.3.0' ],
19 silly audit   argparse: [ '2.0.1' ],
19 silly audit   'aria-query': [ '5.3.2' ],
19 silly audit   'array-buffer-byte-length': [ '1.0.2' ],
19 silly audit   'array-includes': [ '3.1.9' ],
19 silly audit   'array.prototype.findlast': [ '1.2.5' ],
19 silly audit   'array.prototype.findlastindex': [ '1.2.6' ],
19 silly audit   'array.prototype.flat': [ '1.3.3' ],
19 silly audit   'array.prototype.flatmap': [ '1.3.3' ],
19 silly audit   'array.prototype.tosorted': [ '1.1.4' ],
19 silly audit   'arraybuffer.prototype.slice': [ '1.0.4' ],
19 silly audit   'ast-types-flow': [ '0.0.8' ],
19 silly audit   'async-function': [ '1.0.0' ],
19 silly audit   'available-typed-arrays': [ '1.0.7' ],
19 silly audit   'axe-core': [ '4.11.0' ],
19 silly audit   'axobject-query': [ '4.1.0' ],
19 silly audit   'babel-plugin-macros': [ '3.1.0' ],
19 silly audit   'balanced-match': [ '1.0.2' ],
19 silly audit   'base64-js': [ '1.5.1' ],
19 silly audit   'baseline-browser-mapping': [ '2.8.25' ],
19 silly audit   bl: [ '6.1.4' ],
19 silly audit   braces: [ '3.0.3' ],
19 silly audit   'broker-factory': [ '3.1.10' ],
19 silly audit   browserslist: [ '4.27.0' ],
19 silly audit   buffer: [ '6.0.3' ],
19 silly audit   'buffer-from': [ '1.1.2' ],
19 silly audit   'call-bind': [ '1.0.8' ],
19 silly audit   'call-bind-apply-helpers': [ '1.0.2' ],
19 silly audit   'call-bound': [ '1.0.4' ],
19 silly audit   callsites: [ '3.1.0' ],
19 silly audit   'caniuse-lite': [ '1.0.30001754' ],
19 silly audit   chalk: [ '4.1.2' ],
19 silly audit   'client-only': [ '0.0.1' ],
19 silly audit   clsx: [ '2.1.1' ],
19 silly audit   'color-convert': [ '2.0.1' ],
19 silly audit   'color-name': [ '1.1.4' ],
19 silly audit   commist: [ '3.2.0' ],
19 silly audit   'concat-map': [ '0.0.1' ],
19 silly audit   'concat-stream': [ '2.0.0' ],
19 silly audit   'readable-stream': [ '3.6.2', '4.7.0' ],
19 silly audit   cosmiconfig: [ '7.1.0' ],
19 silly audit   'cross-spawn': [ '7.0.6' ],
19 silly audit   csstype: [ '3.1.3' ],
19 silly audit   'damerau-levenshtein': [ '1.0.8' ],
19 silly audit   'data-view-buffer': [ '1.0.2' ],
19 silly audit   'data-view-byte-length': [ '1.0.2' ],
19 silly audit   'data-view-byte-offset': [ '1.0.1' ],
19 silly audit   debug: [ '4.4.3', '3.2.7' ],
19 silly audit   'deep-is': [ '0.1.4' ],
19 silly audit   'define-data-property': [ '1.1.4' ],
19 silly audit   'define-properties': [ '1.2.1' ],
19 silly audit   'detect-libc': [ '2.1.2' ],
19 silly audit   doctrine: [ '2.1.0' ],
19 silly audit   'dom-helpers': [ '5.2.1' ],
19 silly audit   'dunder-proto': [ '1.0.1' ],
19 silly audit   'electron-to-chromium': [ '1.5.249' ],
19 silly audit   'emoji-regex': [ '9.2.2' ],
19 silly audit   'enhanced-resolve': [ '5.18.3' ],
19 silly audit   'error-ex': [ '1.3.4' ],
19 silly audit   'es-abstract': [ '1.24.0' ],
19 silly audit   'es-define-property': [ '1.0.1' ],
19 silly audit   'es-errors': [ '1.3.0' ],
19 silly audit   'es-iterator-helpers': [ '1.2.1' ],
19 silly audit   'es-object-atoms': [ '1.1.1' ],
19 silly audit   'es-set-tostringtag': [ '2.1.0' ],
19 silly audit   'es-shim-unscopables': [ '1.1.0' ],
19 silly audit   'es-to-primitive': [ '1.3.0' ],
19 silly audit   escalade: [ '3.2.0' ],
19 silly audit   'escape-string-regexp': [ '4.0.0' ],
19 silly audit   eslint: [ '9.39.1' ],
19 silly audit   'eslint-config-next': [ '16.0.1' ],
19 silly audit   globals: [ '16.4.0', '14.0.0' ],
19 silly audit   'eslint-import-resolver-node': [ '0.3.9' ],
19 silly audit   'eslint-import-resolver-typescript': [ '3.10.1' ],
19 silly audit   'eslint-module-utils': [ '2.12.1' ],
19 silly audit   'eslint-plugin-import': [ '2.32.0' ],
19 silly audit   'eslint-plugin-jsx-a11y': [ '6.10.2' ],
19 silly audit   'eslint-plugin-react': [ '7.37.5' ],
19 silly audit   'eslint-plugin-react-hooks': [ '7.0.1' ],
19 silly audit   resolve: [ '2.0.0-next.5', '1.22.11' ],
19 silly audit   'eslint-scope': [ '8.4.0' ],
19 silly audit   espree: [ '10.4.0' ],
19 silly audit   esquery: [ '1.6.0' ],
19 silly audit   esrecurse: [ '4.3.0' ],
19 silly audit   estraverse: [ '5.3.0' ],
19 silly audit   esutils: [ '2.0.3' ],
19 silly audit   'event-target-shim': [ '5.0.1' ],
19 silly audit   events: [ '3.3.0' ],
19 silly audit   'fast-deep-equal': [ '3.1.3' ],
19 silly audit   'fast-json-stable-stringify': [ '2.1.0' ],
19 silly audit   'fast-levenshtein': [ '2.0.6' ],
19 silly audit   'fast-unique-numbers': [ '9.0.24' ],
19 silly audit   fastq: [ '1.19.1' ],
19 silly audit   'file-entry-cache': [ '8.0.0' ],
19 silly audit   'fill-range': [ '7.1.1' ],
19 silly audit   'find-root': [ '1.1.0' ],
19 silly audit   'find-up': [ '5.0.0' ],
19 silly audit   'flat-cache': [ '4.0.1' ],
19 silly audit   flatted: [ '3.3.3' ],
19 silly audit   'for-each': [ '0.3.5' ],
19 silly audit   'function-bind': [ '1.1.2' ],
19 silly audit   'function.prototype.name': [ '1.1.8' ],
19 silly audit   'functions-have-names': [ '1.2.3' ],
19 silly audit   'generator-function': [ '2.0.1' ],
19 silly audit   gensync: [ '1.0.0-beta.2' ],
19 silly audit   'get-intrinsic': [ '1.3.0' ],
19 silly audit   'get-proto': [ '1.0.1' ],
19 silly audit   'get-symbol-description': [ '1.1.0' ],
19 silly audit   'get-tsconfig': [ '4.13.0' ],
19 silly audit   globalthis: [ '1.0.4' ],
19 silly audit   gopd: [ '1.2.0' ],
19 silly audit   'graceful-fs': [ '4.2.11' ],
19 silly audit   graphemer: [ '1.4.0' ],
19 silly audit   'has-bigints': [ '1.1.0' ],
19 silly audit   'has-flag': [ '4.0.0' ],
19 silly audit   'has-property-descriptors': [ '1.0.2' ],
19 silly audit   'has-proto': [ '1.2.0' ],
19 silly audit   'has-symbols': [ '1.1.0' ],
19 silly audit   'has-tostringtag': [ '1.0.2' ],
19 silly audit   hasown: [ '2.0.2' ],
19 silly audit   'help-me': [ '5.0.0' ],
19 silly audit   'hermes-estree': [ '0.25.1' ],
19 silly audit   'hermes-parser': [ '0.25.1' ],
19 silly audit   'hoist-non-react-statics': [ '3.3.2' ],
19 silly audit   ieee754: [ '1.2.1' ],
19 silly audit   'import-fresh': [ '3.3.1' ],
19 silly audit   imurmurhash: [ '0.1.4' ],
19 silly audit   inherits: [ '2.0.4' ],
19 silly audit   'internal-slot': [ '1.1.0' ],
19 silly audit   'ip-address': [ '10.1.0' ],
19 silly audit   'is-array-buffer': [ '3.0.5' ],
19 silly audit   'is-arrayish': [ '0.2.1' ],
19 silly audit   'is-async-function': [ '2.1.1' ],
19 silly audit   'is-bigint': [ '1.1.0' ],
19 silly audit   'is-boolean-object': [ '1.2.2' ],
19 silly audit   'is-bun-module': [ '2.0.0' ],
19 silly audit   'is-callable': [ '1.2.7' ],
19 silly audit   'is-core-module': [ '2.16.1' ],
19 silly audit   'is-data-view': [ '1.0.2' ],
19 silly audit   'is-date-object': [ '1.1.0' ],
19 silly audit   'is-extglob': [ '2.1.1' ],
19 silly audit   'is-finalizationregistry': [ '1.1.1' ],
19 silly audit   'is-generator-function': [ '1.1.2' ],
19 silly audit   'is-glob': [ '4.0.3' ],
19 silly audit   'is-map': [ '2.0.3' ],
19 silly audit   'is-negative-zero': [ '2.0.3' ],
19 silly audit   'is-number': [ '7.0.0' ],
19 silly audit   'is-number-object': [ '1.1.1' ],
19 silly audit   'is-regex': [ '1.2.1' ],
19 silly audit   'is-set': [ '2.0.3' ],
19 silly audit   'is-shared-array-buffer': [ '1.0.4' ],
19 silly audit   'is-string': [ '1.1.1' ],
19 silly audit   'is-symbol': [ '1.1.1' ],
19 silly audit   'is-typed-array': [ '1.1.15' ],
19 silly audit   'is-weakmap': [ '2.0.2' ],
19 silly audit   'is-weakref': [ '1.1.1' ],
19 silly audit   'is-weakset': [ '2.0.4' ],
19 silly audit   isarray: [ '2.0.5' ],
19 silly audit   isexe: [ '2.0.0' ],
19 silly audit   'iterator.prototype': [ '1.1.5' ],
19 silly audit   jiti: [ '2.6.1' ],
19 silly audit   'js-sdsl': [ '4.3.0' ],
19 silly audit   'js-tokens': [ '4.0.0' ],
19 silly audit   'js-yaml': [ '4.1.0' ],
19 silly audit   jsesc: [ '3.1.0' ],
19 silly audit   'json-buffer': [ '3.0.1' ],
19 silly audit   'json-parse-even-better-errors': [ '2.3.1' ],
19 silly audit   'json-schema-traverse': [ '0.4.1' ],
19 silly audit   'json-stable-stringify-without-jsonify': [ '1.0.1' ],
19 silly audit   json5: [ '2.2.3', '1.0.2' ],
19 silly audit   'jsx-ast-utils': [ '3.3.5' ],
19 silly audit   keyv: [ '4.5.4' ],
19 silly audit   'language-subtag-registry': [ '0.3.23' ],
19 silly audit   'language-tags': [ '1.0.9' ],
19 silly audit   levn: [ '0.4.1' ],
19 silly audit   lightningcss: [ '1.30.2' ],
19 silly audit   'lightningcss-android-arm64': [ '1.30.2' ],
19 silly audit   'lightningcss-darwin-arm64': [ '1.30.2' ],
19 silly audit   'lightningcss-darwin-x64': [ '1.30.2' ],
19 silly audit   'lightningcss-freebsd-x64': [ '1.30.2' ],
19 silly audit   'lightningcss-linux-arm-gnueabihf': [ '1.30.2' ],
19 silly audit   'lightningcss-linux-arm64-gnu': [ '1.30.2' ],
19 silly audit   'lightningcss-linux-arm64-musl': [ '1.30.2' ],
19 silly audit   'lightningcss-linux-x64-gnu': [ '1.30.2' ],
19 silly audit   'lightningcss-linux-x64-musl': [ '1.30.2' ],
19 silly audit   'lightningcss-win32-arm64-msvc': [ '1.30.2' ],
19 silly audit   'lightningcss-win32-x64-msvc': [ '1.30.2' ],
19 silly audit   'lines-and-columns': [ '1.2.4' ],
19 silly audit   'locate-path': [ '6.0.0' ],
19 silly audit   'lodash.merge': [ '4.6.2' ],
19 silly audit   'loose-envify': [ '1.4.0' ],
19 silly audit   'lru-cache': [ '5.1.1', '10.4.3' ],
19 silly audit   'magic-string': [ '0.30.21' ],
19 silly audit   'math-intrinsics': [ '1.1.0' ],
19 silly audit   merge2: [ '1.4.1' ],
19 silly audit   micromatch: [ '4.0.8' ],
19 silly audit   minimist: [ '1.2.8' ],
19 silly audit   mqtt: [ '5.14.1' ],
19 silly audit   'mqtt-packet': [ '9.0.2' ],
19 silly audit   ms: [ '2.1.3' ],
19 silly audit   nanoid: [ '3.3.11' ],
19 silly audit   'napi-postinstall': [ '0.3.4' ],
19 silly audit   'natural-compare': [ '1.4.0' ],
19 silly audit   next: [ '16.0.1' ],
19 silly audit   postcss: [ '8.4.31', '8.5.6' ],
19 silly audit   'node-releases': [ '2.0.27' ],
19 silly audit   'number-allocator': [ '1.0.14' ],
19 silly audit   'object-assign': [ '4.1.1' ],
19 silly audit   'object-inspect': [ '1.13.4' ],
19 silly audit   'object-keys': [ '1.1.1' ],
19 silly audit   'object.assign': [ '4.1.7' ],
19 silly audit   'object.entries': [ '1.1.9' ],
19 silly audit   'object.fromentries': [ '2.0.8' ],
19 silly audit   'object.groupby': [ '1.0.3' ],
19 silly audit   'object.values': [ '1.2.1' ],
19 silly audit   optionator: [ '0.9.4' ],
19 silly audit   'own-keys': [ '1.0.1' ],
19 silly audit   'p-limit': [ '3.1.0' ],
19 silly audit   'p-locate': [ '5.0.0' ],
19 silly audit   'parent-module': [ '1.0.1' ],
19 silly audit   'parse-json': [ '5.2.0' ],
19 silly audit   'path-exists': [ '4.0.0' ],
19 silly audit   'path-key': [ '3.1.1' ],
19 silly audit   'path-parse': [ '1.0.7' ],
19 silly audit   'path-type': [ '4.0.0' ],
19 silly audit   picocolors: [ '1.1.1' ],
19 silly audit   picomatch: [ '2.3.1', '4.0.3' ],
19 silly audit   'possible-typed-array-names': [ '1.1.0' ],
19 silly audit   'prelude-ls': [ '1.2.1' ],
19 silly audit   process: [ '0.11.10' ],
19 silly audit   'process-nextick-args': [ '2.0.1' ],
19 silly audit   'prop-types': [ '15.8.1' ],
19 silly audit   punycode: [ '2.3.1' ],
19 silly audit   'queue-microtask': [ '1.2.3' ],
19 silly audit   react: [ '19.2.0' ],
19 silly audit   'react-dom': [ '19.2.0' ],
19 silly audit   'react-transition-group': [ '4.4.5' ],
19 silly audit   'reflect.getprototypeof': [ '1.0.10' ],
19 silly audit   'regexp.prototype.flags': [ '1.5.4' ],
19 silly audit   'resolve-from': [ '4.0.0' ],
19 silly audit   'resolve-pkg-maps': [ '1.0.0' ],
19 silly audit   reusify: [ '1.1.0' ],
19 silly audit   rfdc: [ '1.4.1' ],
19 silly audit   'run-parallel': [ '1.2.0' ],
19 silly audit   'safe-array-concat': [ '1.1.3' ],
19 silly audit   'safe-buffer': [ '5.2.1' ],
19 silly audit   'safe-push-apply': [ '1.0.0' ],
19 silly audit   'safe-regex-test': [ '1.1.0' ],
19 silly audit   scheduler: [ '0.27.0' ],
19 silly audit   'set-function-length': [ '1.2.2' ],
19 silly audit   'set-function-name': [ '2.0.2' ],
19 silly audit   'set-proto': [ '1.0.0' ],
19 silly audit   sharp: [ '0.34.5' ],
19 silly audit   'shebang-command': [ '2.0.0' ],
19 silly audit   'shebang-regex': [ '3.0.0' ],
19 silly audit   'side-channel': [ '1.1.0' ],
19 silly audit   'side-channel-list': [ '1.0.0' ],
19 silly audit   'side-channel-map': [ '1.0.1' ],
19 silly audit   'side-channel-weakmap': [ '1.0.2' ],
19 silly audit   'smart-buffer': [ '4.2.0' ],
19 silly audit   socks: [ '2.8.7' ],
19 silly audit   'source-map': [ '0.5.7' ],
19 silly audit   'source-map-js': [ '1.2.1' ],
19 silly audit   split2: [ '4.2.0' ],
19 silly audit   'stable-hash': [ '0.0.5' ],
19 silly audit   'stop-iteration-iterator': [ '1.1.0' ],
19 silly audit   string_decoder: [ '1.3.0' ],
19 silly audit   'string.prototype.includes': [ '2.0.1' ],
19 silly audit   'string.prototype.matchall': [ '4.0.12' ],
19 silly audit   'string.prototype.repeat': [ '1.0.0' ],
19 silly audit   'string.prototype.trim': [ '1.2.10' ],
19 silly audit   'string.prototype.trimend': [ '1.0.9' ],
19 silly audit   'string.prototype.trimstart': [ '1.0.8' ],
19 silly audit   'strip-bom': [ '3.0.0' ],
19 silly audit   'strip-json-comments': [ '3.1.1' ],
19 silly audit   'styled-jsx': [ '5.1.6' ],
19 silly audit   stylis: [ '4.2.0' ],
19 silly audit   'supports-color': [ '7.2.0' ],
19 silly audit   'supports-preserve-symlinks-flag': [ '1.0.0' ],
19 silly audit   tailwindcss: [ '4.1.17' ],
19 silly audit   tapable: [ '2.3.0' ],
19 silly audit   tinyglobby: [ '0.2.15' ],
19 silly audit   fdir: [ '6.5.0' ],
19 silly audit   'to-regex-range': [ '5.0.1' ],
19 silly audit   'ts-api-utils': [ '2.1.0' ],
19 silly audit   'tsconfig-paths': [ '3.15.0' ],
19 silly audit   tslib: [ '2.8.1' ],
19 silly audit   'type-check': [ '0.4.0' ],
19 silly audit   'typed-array-buffer': [ '1.0.3' ],
19 silly audit   'typed-array-byte-length': [ '1.0.3' ],
19 silly audit   'typed-array-byte-offset': [ '1.0.4' ],
19 silly audit   'typed-array-length': [ '1.0.7' ],
19 silly audit   typedarray: [ '0.0.6' ],
19 silly audit   typescript: [ '5.9.3' ],
19 silly audit   'typescript-eslint': [ '8.46.3' ],
19 silly audit   'unbox-primitive': [ '1.1.0' ],
19 silly audit   'undici-types': [ '6.21.0' ],
19 silly audit   'unrs-resolver': [ '1.11.1' ],
19 silly audit   'update-browserslist-db': [ '1.1.4' ],
19 silly audit   'uri-js': [ '4.4.1' ],
19 silly audit   'util-deprecate': [ '1.0.2' ],
19 silly audit   which: [ '2.0.2' ],
19 silly audit   'which-boxed-primitive': [ '1.1.1' ],
19 silly audit   'which-builtin-type': [ '1.2.1' ],
19 silly audit   'which-collection': [ '1.0.2' ],
19 silly audit   'which-typed-array': [ '1.1.19' ],
19 silly audit   'word-wrap': [ '1.2.5' ],
19 silly audit   'worker-factory': [ '7.0.46' ],
19 silly audit   'worker-timers': [ '8.0.25' ],
19 silly audit   'worker-timers-broker': [ '8.0.11' ],
19 silly audit   'worker-timers-worker': [ '9.0.11' ],
19 silly audit   ws: [ '8.18.3' ],
19 silly audit   yallist: [ '3.1.1' ],
19 silly audit   yaml: [ '1.10.2' ],
19 silly audit   'yocto-queue': [ '0.1.0' ],
19 silly audit   zod: [ '4.1.12' ],
19 silly audit   'zod-validation-error': [ '4.0.2' ],
19 silly audit   '@types/mqtt': [ '2.5.0' ],
19 silly audit   '@tailwindcss/oxide-wasm32-wasi': [ '4.1.17' ]
19 silly audit }
20 verbose reify failed optional dependency D:\SCARAVISION\iot-panel\node_modules\lightningcss-win32-arm64-msvc
21 silly reify mark deleted [
21 silly reify   'D:\\SCARAVISION\\iot-panel\\node_modules\\lightningcss-win32-arm64-msvc'
21 silly reify ]
22 verbose reify failed optional dependency D:\SCARAVISION\iot-panel\node_modules\lightningcss-linux-x64-musl
23 silly reify mark deleted [
23 silly reify   'D:\\SCARAVISION\\iot-panel\\node_modules\\lightningcss-linux-x64-musl'
23 silly reify ]
24 verbose reify failed optional dependency D:\SCARAVISION\iot-panel\node_modules\lightningcss-linux-x64-gnu
25 silly reify mark deleted [
25 silly reify   'D:\\SCARAVISION\\iot-panel\\node_modules\\lightningcss-linux-x64-gnu'
25 silly reify ]
26 verbose reify failed optional dependency D:\SCARAVISION\iot-panel\node_modules\lightningcss-linux-arm64-musl
27 silly reify mark deleted [
27 silly reify   'D:\\SCARAVISION\\iot-panel\\node_modules\\lightningcss-linux-arm64-musl'
27 silly reify ]
28 verbose reify failed optional dependency D:\SCARAVISION\iot-panel\node_modules\lightningcss-linux-arm64-gnu
29 silly reify mark deleted [
29 silly reify   'D:\\SCARAVISION\\iot-panel\\node_modules\\lightningcss-linux-arm64-gnu'
29 silly reify ]
30 verbose reify failed optional dependency D:\SCARAVISION\iot-panel\node_modules\lightningcss-linux-arm-gnueabihf
31 silly reify mark deleted [
31 silly reify   'D:\\SCARAVISION\\iot-panel\\node_modules\\lightningcss-linux-arm-gnueabihf'
31 silly reify ]
32 verbose reify failed optional dependency D:\SCARAVISION\iot-panel\node_modules\lightningcss-freebsd-x64
33 silly reify mark deleted [
33 silly reify   'D:\\SCARAVISION\\iot-panel\\node_modules\\lightningcss-freebsd-x64'
33 silly reify ]
34 verbose reify failed optional dependency D:\SCARAVISION\iot-panel\node_modules\lightningcss-darwin-x64
35 silly reify mark deleted [ 'D:\\SCARAVISION\\iot-panel\\node_modules\\lightningcss-darwin-x64' ]
36 verbose reify failed optional dependency D:\SCARAVISION\iot-panel\node_modules\lightningcss-darwin-arm64
37 silly reify mark deleted [
37 silly reify   'D:\\SCARAVISION\\iot-panel\\node_modules\\lightningcss-darwin-arm64'
37 silly reify ]
38 verbose reify failed optional dependency D:\SCARAVISION\iot-panel\node_modules\lightningcss-android-arm64
39 silly reify mark deleted [
39 silly reify   'D:\\SCARAVISION\\iot-panel\\node_modules\\lightningcss-android-arm64'
39 silly reify ]
40 verbose reify failed optional dependency D:\SCARAVISION\iot-panel\node_modules\@unrs\resolver-binding-win32-ia32-msvc
41 silly reify mark deleted [
41 silly reify   'D:\\SCARAVISION\\iot-panel\\node_modules\\@unrs\\resolver-binding-win32-ia32-msvc'
41 silly reify ]
42 verbose reify failed optional dependency D:\SCARAVISION\iot-panel\node_modules\@unrs\resolver-binding-win32-arm64-msvc
43 silly reify mark deleted [
43 silly reify   'D:\\SCARAVISION\\iot-panel\\node_modules\\@unrs\\resolver-binding-win32-arm64-msvc'
43 silly reify ]
44 verbose reify failed optional dependency D:\SCARAVISION\iot-panel\node_modules\@unrs\resolver-binding-wasm32-wasi
45 silly reify mark deleted [
45 silly reify   'D:\\SCARAVISION\\iot-panel\\node_modules\\@unrs\\resolver-binding-wasm32-wasi'
45 silly reify ]
46 verbose reify failed optional dependency D:\SCARAVISION\iot-panel\node_modules\@unrs\resolver-binding-linux-x64-musl
47 silly reify mark deleted [
47 silly reify   'D:\\SCARAVISION\\iot-panel\\node_modules\\@unrs\\resolver-binding-linux-x64-musl'
47 silly reify ]
48 verbose reify failed optional dependency D:\SCARAVISION\iot-panel\node_modules\@unrs\resolver-binding-linux-x64-gnu
49 silly reify mark deleted [
49 silly reify   'D:\\SCARAVISION\\iot-panel\\node_modules\\@unrs\\resolver-binding-linux-x64-gnu'
49 silly reify ]
50 verbose reify failed optional dependency D:\SCARAVISION\iot-panel\node_modules\@unrs\resolver-binding-linux-s390x-gnu
51 silly reify mark deleted [
51 silly reify   'D:\\SCARAVISION\\iot-panel\\node_modules\\@unrs\\resolver-binding-linux-s390x-gnu'
51 silly reify ]
52 verbose reify failed optional dependency D:\SCARAVISION\iot-panel\node_modules\@unrs\resolver-binding-linux-riscv64-musl
53 silly reify mark deleted [
53 silly reify   'D:\\SCARAVISION\\iot-panel\\node_modules\\@unrs\\resolver-binding-linux-riscv64-musl'
53 silly reify ]
54 verbose reify failed optional dependency D:\SCARAVISION\iot-panel\node_modules\@unrs\resolver-binding-linux-riscv64-gnu
55 silly reify mark deleted [
55 silly reify   'D:\\SCARAVISION\\iot-panel\\node_modules\\@unrs\\resolver-binding-linux-riscv64-gnu'
55 silly reify ]
56 verbose reify failed optional dependency D:\SCARAVISION\iot-panel\node_modules\@unrs\resolver-binding-linux-ppc64-gnu
57 silly reify mark deleted [
57 silly reify   'D:\\SCARAVISION\\iot-panel\\node_modules\\@unrs\\resolver-binding-linux-ppc64-gnu'
57 silly reify ]
58 verbose reify failed optional dependency D:\SCARAVISION\iot-panel\node_modules\@unrs\resolver-binding-linux-arm64-musl
59 silly reify mark deleted [
59 silly reify   'D:\\SCARAVISION\\iot-panel\\node_modules\\@unrs\\resolver-binding-linux-arm64-musl'
59 silly reify ]
60 verbose reify failed optional dependency D:\SCARAVISION\iot-panel\node_modules\@unrs\resolver-binding-linux-arm64-gnu
61 silly reify mark deleted [
61 silly reify   'D:\\SCARAVISION\\iot-panel\\node_modules\\@unrs\\resolver-binding-linux-arm64-gnu'
61 silly reify ]
62 verbose reify failed optional dependency D:\SCARAVISION\iot-panel\node_modules\@unrs\resolver-binding-linux-arm-musleabihf
63 silly reify mark deleted [
63 silly reify   'D:\\SCARAVISION\\iot-panel\\node_modules\\@unrs\\resolver-binding-linux-arm-musleabihf'
63 silly reify ]
64 verbose reify failed optional dependency D:\SCARAVISION\iot-panel\node_modules\@unrs\resolver-binding-linux-arm-gnueabihf
65 silly reify mark deleted [
65 silly reify   'D:\\SCARAVISION\\iot-panel\\node_modules\\@unrs\\resolver-binding-linux-arm-gnueabihf'
65 silly reify ]
66 verbose reify failed optional dependency D:\SCARAVISION\iot-panel\node_modules\@unrs\resolver-binding-freebsd-x64
67 silly reify mark deleted [
67 silly reify   'D:\\SCARAVISION\\iot-panel\\node_modules\\@unrs\\resolver-binding-freebsd-x64'
67 silly reify ]
68 verbose reify failed optional dependency D:\SCARAVISION\iot-panel\node_modules\@unrs\resolver-binding-darwin-x64
69 silly reify mark deleted [
69 silly reify   'D:\\SCARAVISION\\iot-panel\\node_modules\\@unrs\\resolver-binding-darwin-x64'
69 silly reify ]
70 verbose reify failed optional dependency D:\SCARAVISION\iot-panel\node_modules\@unrs\resolver-binding-darwin-arm64
71 silly reify mark deleted [
71 silly reify   'D:\\SCARAVISION\\iot-panel\\node_modules\\@unrs\\resolver-binding-darwin-arm64'
71 silly reify ]
72 verbose reify failed optional dependency D:\SCARAVISION\iot-panel\node_modules\@unrs\resolver-binding-android-arm64
73 silly reify mark deleted [
73 silly reify   'D:\\SCARAVISION\\iot-panel\\node_modules\\@unrs\\resolver-binding-android-arm64'
73 silly reify ]
74 verbose reify failed optional dependency D:\SCARAVISION\iot-panel\node_modules\@unrs\resolver-binding-android-arm-eabi
75 silly reify mark deleted [
75 silly reify   'D:\\SCARAVISION\\iot-panel\\node_modules\\@unrs\\resolver-binding-android-arm-eabi'
75 silly reify ]
76 verbose reify failed optional dependency D:\SCARAVISION\iot-panel\node_modules\@tailwindcss\oxide-win32-arm64-msvc
77 silly reify mark deleted [
77 silly reify   'D:\\SCARAVISION\\iot-panel\\node_modules\\@tailwindcss\\oxide-win32-arm64-msvc'
77 silly reify ]
78 verbose reify failed optional dependency D:\SCARAVISION\iot-panel\node_modules\@tailwindcss\oxide-linux-x64-musl
79 silly reify mark deleted [
79 silly reify   'D:\\SCARAVISION\\iot-panel\\node_modules\\@tailwindcss\\oxide-linux-x64-musl'
79 silly reify ]
80 verbose reify failed optional dependency D:\SCARAVISION\iot-panel\node_modules\@tailwindcss\oxide-linux-x64-gnu
81 silly reify mark deleted [
81 silly reify   'D:\\SCARAVISION\\iot-panel\\node_modules\\@tailwindcss\\oxide-linux-x64-gnu'
81 silly reify ]
82 verbose reify failed optional dependency D:\SCARAVISION\iot-panel\node_modules\@tailwindcss\oxide-linux-arm64-musl
83 silly reify mark deleted [
83 silly reify   'D:\\SCARAVISION\\iot-panel\\node_modules\\@tailwindcss\\oxide-linux-arm64-musl'
83 silly reify ]
84 verbose reify failed optional dependency D:\SCARAVISION\iot-panel\node_modules\@tailwindcss\oxide-linux-arm64-gnu
85 silly reify mark deleted [
85 silly reify   'D:\\SCARAVISION\\iot-panel\\node_modules\\@tailwindcss\\oxide-linux-arm64-gnu'
85 silly reify ]
86 verbose reify failed optional dependency D:\SCARAVISION\iot-panel\node_modules\@tailwindcss\oxide-linux-arm-gnueabihf
87 silly reify mark deleted [
87 silly reify   'D:\\SCARAVISION\\iot-panel\\node_modules\\@tailwindcss\\oxide-linux-arm-gnueabihf'
87 silly reify ]
88 verbose reify failed optional dependency D:\SCARAVISION\iot-panel\node_modules\@tailwindcss\oxide-freebsd-x64
89 silly reify mark deleted [
89 silly reify   'D:\\SCARAVISION\\iot-panel\\node_modules\\@tailwindcss\\oxide-freebsd-x64'
89 silly reify ]
90 verbose reify failed optional dependency D:\SCARAVISION\iot-panel\node_modules\@tailwindcss\oxide-darwin-x64
91 silly reify mark deleted [
91 silly reify   'D:\\SCARAVISION\\iot-panel\\node_modules\\@tailwindcss\\oxide-darwin-x64'
91 silly reify ]
92 verbose reify failed optional dependency D:\SCARAVISION\iot-panel\node_modules\@tailwindcss\oxide-darwin-arm64
93 silly reify mark deleted [
93 silly reify   'D:\\SCARAVISION\\iot-panel\\node_modules\\@tailwindcss\\oxide-darwin-arm64'
93 silly reify ]
94 verbose reify failed optional dependency D:\SCARAVISION\iot-panel\node_modules\@tailwindcss\oxide-android-arm64
95 silly reify mark deleted [
95 silly reify   'D:\\SCARAVISION\\iot-panel\\node_modules\\@tailwindcss\\oxide-android-arm64'
95 silly reify ]
96 verbose reify failed optional dependency D:\SCARAVISION\iot-panel\node_modules\@next\swc-win32-arm64-msvc
97 silly reify mark deleted [
97 silly reify   'D:\\SCARAVISION\\iot-panel\\node_modules\\@next\\swc-win32-arm64-msvc'
97 silly reify ]
98 verbose reify failed optional dependency D:\SCARAVISION\iot-panel\node_modules\@next\swc-linux-x64-musl
99 silly reify mark deleted [
99 silly reify   'D:\\SCARAVISION\\iot-panel\\node_modules\\@next\\swc-linux-x64-musl'
99 silly reify ]
100 verbose reify failed optional dependency D:\SCARAVISION\iot-panel\node_modules\@next\swc-linux-x64-gnu
101 silly reify mark deleted [
101 silly reify   'D:\\SCARAVISION\\iot-panel\\node_modules\\@next\\swc-linux-x64-gnu'
101 silly reify ]
102 verbose reify failed optional dependency D:\SCARAVISION\iot-panel\node_modules\@next\swc-linux-arm64-musl
103 silly reify mark deleted [
103 silly reify   'D:\\SCARAVISION\\iot-panel\\node_modules\\@next\\swc-linux-arm64-musl'
103 silly reify ]
104 verbose reify failed optional dependency D:\SCARAVISION\iot-panel\node_modules\@next\swc-linux-arm64-gnu
105 silly reify mark deleted [
105 silly reify   'D:\\SCARAVISION\\iot-panel\\node_modules\\@next\\swc-linux-arm64-gnu'
105 silly reify ]
106 verbose reify failed optional dependency D:\SCARAVISION\iot-panel\node_modules\@next\swc-darwin-x64
107 silly reify mark deleted [ 'D:\\SCARAVISION\\iot-panel\\node_modules\\@next\\swc-darwin-x64' ]
108 verbose reify failed optional dependency D:\SCARAVISION\iot-panel\node_modules\@next\swc-darwin-arm64
109 silly reify mark deleted [ 'D:\\SCARAVISION\\iot-panel\\node_modules\\@next\\swc-darwin-arm64' ]
110 verbose reify failed optional dependency D:\SCARAVISION\iot-panel\node_modules\@img\sharp-win32-ia32
111 silly reify mark deleted [ 'D:\\SCARAVISION\\iot-panel\\node_modules\\@img\\sharp-win32-ia32' ]
112 verbose reify failed optional dependency D:\SCARAVISION\iot-panel\node_modules\@img\sharp-win32-arm64
113 silly reify mark deleted [ 'D:\\SCARAVISION\\iot-panel\\node_modules\\@img\\sharp-win32-arm64' ]
114 verbose reify failed optional dependency D:\SCARAVISION\iot-panel\node_modules\@img\sharp-wasm32
115 silly reify mark deleted [ 'D:\\SCARAVISION\\iot-panel\\node_modules\\@img\\sharp-wasm32' ]
116 verbose reify failed optional dependency D:\SCARAVISION\iot-panel\node_modules\@img\sharp-linuxmusl-x64
117 silly reify mark deleted [
117 silly reify   'D:\\SCARAVISION\\iot-panel\\node_modules\\@img\\sharp-linuxmusl-x64'
117 silly reify ]
118 verbose reify failed optional dependency D:\SCARAVISION\iot-panel\node_modules\@img\sharp-linuxmusl-arm64
119 silly reify mark deleted [
119 silly reify   'D:\\SCARAVISION\\iot-panel\\node_modules\\@img\\sharp-linuxmusl-arm64'
119 silly reify ]
120 verbose reify failed optional dependency D:\SCARAVISION\iot-panel\node_modules\@img\sharp-linux-x64
121 silly reify mark deleted [ 'D:\\SCARAVISION\\iot-panel\\node_modules\\@img\\sharp-linux-x64' ]
122 verbose reify failed optional dependency D:\SCARAVISION\iot-panel\node_modules\@img\sharp-linux-s390x
123 silly reify mark deleted [ 'D:\\SCARAVISION\\iot-panel\\node_modules\\@img\\sharp-linux-s390x' ]
124 verbose reify failed optional dependency D:\SCARAVISION\iot-panel\node_modules\@img\sharp-linux-riscv64
125 silly reify mark deleted [
125 silly reify   'D:\\SCARAVISION\\iot-panel\\node_modules\\@img\\sharp-linux-riscv64'
125 silly reify ]
126 verbose reify failed optional dependency D:\SCARAVISION\iot-panel\node_modules\@img\sharp-linux-ppc64
127 silly reify mark deleted [ 'D:\\SCARAVISION\\iot-panel\\node_modules\\@img\\sharp-linux-ppc64' ]
128 verbose reify failed optional dependency D:\SCARAVISION\iot-panel\node_modules\@img\sharp-linux-arm64
129 silly reify mark deleted [ 'D:\\SCARAVISION\\iot-panel\\node_modules\\@img\\sharp-linux-arm64' ]
130 verbose reify failed optional dependency D:\SCARAVISION\iot-panel\node_modules\@img\sharp-linux-arm
131 silly reify mark deleted [ 'D:\\SCARAVISION\\iot-panel\\node_modules\\@img\\sharp-linux-arm' ]
132 verbose reify failed optional dependency D:\SCARAVISION\iot-panel\node_modules\@img\sharp-libvips-linuxmusl-x64
133 silly reify mark deleted [
133 silly reify   'D:\\SCARAVISION\\iot-panel\\node_modules\\@img\\sharp-libvips-linuxmusl-x64'
133 silly reify ]
134 verbose reify failed optional dependency D:\SCARAVISION\iot-panel\node_modules\@img\sharp-libvips-linuxmusl-arm64
135 silly reify mark deleted [
135 silly reify   'D:\\SCARAVISION\\iot-panel\\node_modules\\@img\\sharp-libvips-linuxmusl-arm64'
135 silly reify ]
136 verbose reify failed optional dependency D:\SCARAVISION\iot-panel\node_modules\@img\sharp-libvips-linux-x64
137 silly reify mark deleted [
137 silly reify   'D:\\SCARAVISION\\iot-panel\\node_modules\\@img\\sharp-libvips-linux-x64'
137 silly reify ]
138 verbose reify failed optional dependency D:\SCARAVISION\iot-panel\node_modules\@img\sharp-libvips-linux-s390x
139 silly reify mark deleted [
139 silly reify   'D:\\SCARAVISION\\iot-panel\\node_modules\\@img\\sharp-libvips-linux-s390x'
139 silly reify ]
140 verbose reify failed optional dependency D:\SCARAVISION\iot-panel\node_modules\@img\sharp-libvips-linux-riscv64
141 silly reify mark deleted [
141 silly reify   'D:\\SCARAVISION\\iot-panel\\node_modules\\@img\\sharp-libvips-linux-riscv64'
141 silly reify ]
142 verbose reify failed optional dependency D:\SCARAVISION\iot-panel\node_modules\@img\sharp-libvips-linux-ppc64
143 silly reify mark deleted [
143 silly reify   'D:\\SCARAVISION\\iot-panel\\node_modules\\@img\\sharp-libvips-linux-ppc64'
143 silly reify ]
144 verbose reify failed optional dependency D:\SCARAVISION\iot-panel\node_modules\@img\sharp-libvips-linux-arm64
145 silly reify mark deleted [
145 silly reify   'D:\\SCARAVISION\\iot-panel\\node_modules\\@img\\sharp-libvips-linux-arm64'
145 silly reify ]
146 verbose reify failed optional dependency D:\SCARAVISION\iot-panel\node_modules\@img\sharp-libvips-linux-arm
147 silly reify mark deleted [
147 silly reify   'D:\\SCARAVISION\\iot-panel\\node_modules\\@img\\sharp-libvips-linux-arm'
147 silly reify ]
148 verbose reify failed optional dependency D:\SCARAVISION\iot-panel\node_modules\@img\sharp-libvips-darwin-x64
149 silly reify mark deleted [
149 silly reify   'D:\\SCARAVISION\\iot-panel\\node_modules\\@img\\sharp-libvips-darwin-x64'
149 silly reify ]
150 verbose reify failed optional dependency D:\SCARAVISION\iot-panel\node_modules\@img\sharp-libvips-darwin-arm64
151 silly reify mark deleted [
151 silly reify   'D:\\SCARAVISION\\iot-panel\\node_modules\\@img\\sharp-libvips-darwin-arm64'
151 silly reify ]
152 verbose reify failed optional dependency D:\SCARAVISION\iot-panel\node_modules\@img\sharp-darwin-x64
153 silly reify mark deleted [ 'D:\\SCARAVISION\\iot-panel\\node_modules\\@img\\sharp-darwin-x64' ]
154 verbose reify failed optional dependency D:\SCARAVISION\iot-panel\node_modules\@img\sharp-darwin-arm64
155 silly reify mark deleted [
155 silly reify   'D:\\SCARAVISION\\iot-panel\\node_modules\\@img\\sharp-darwin-arm64'
155 silly reify ]
156 silly tarball no local data for @types/mqtt@https://registry.npmjs.org/@types/mqtt/-/mqtt-2.5.0.tgz. Extracting by manifest.
157 http fetch POST 200 https://registry.npmjs.org/-/npm/v1/security/advisories/bulk 224ms
158 silly audit report {}
159 http fetch GET 200 https://registry.npmjs.org/@types/mqtt/-/mqtt-2.5.0.tgz 563ms (cache miss)
160 warn deprecated @types/mqtt@2.5.0: This is a stub types definition for MQTT (https://github.com/mqttjs/MQTT.js). MQTT provides its own type definitions, so you don't need @types/mqtt installed!
161 silly ADD node_modules/@types/mqtt
162 silly ADD
163 silly ADD
164 silly ADD
165 silly ADD
166 silly ADD
167 silly ADD
168 silly ADD
169 silly ADD
170 silly ADD
171 silly ADD
172 silly ADD
173 silly ADD
174 silly ADD
175 silly ADD
176 silly ADD
177 silly ADD
178 silly ADD
179 silly ADD
180 silly ADD
181 silly ADD
182 silly ADD
183 silly ADD
184 silly ADD
185 silly ADD
186 silly ADD
187 silly ADD
188 silly ADD
189 silly ADD
190 silly ADD
191 silly ADD
192 silly ADD
193 silly ADD
194 silly ADD
195 silly ADD
196 silly ADD
197 silly ADD
198 silly ADD
199 silly ADD
200 silly ADD
201 silly ADD
202 silly ADD
203 silly ADD
204 silly ADD
205 silly ADD
206 silly ADD
207 silly ADD
208 silly ADD
209 silly ADD
210 silly ADD
211 silly ADD
212 silly ADD
213 silly ADD
214 silly ADD
215 silly ADD
216 silly ADD
217 silly ADD
218 silly ADD
219 silly ADD
220 silly ADD
221 silly ADD
222 silly ADD
223 silly ADD
224 silly ADD
225 silly ADD
226 silly ADD
227 silly ADD
228 silly ADD
229 silly ADD
230 silly ADD
231 verbose exit 0
232 info ok
