0 verbose cli C:\Program Files\nodejs\node.exe C:\Users\jjcha\AppData\Roaming\npm\node_modules\npm\bin\npm-cli.js
1 info using npm@10.7.0
2 info using node@v22.15.0
3 silly config:load:file:C:\Users\jjcha\AppData\Roaming\npm\node_modules\npm\npmrc
4 silly config:load:file:C:\Users\jjcha\.npmrc
5 silly config:load:file:C:\Users\jjcha\AppData\Roaming\npm\etc\npmrc
6 verbose title npm install npm-check-updates
7 verbose argv "install" "--global" "npm-check-updates"
8 verbose logfile logs-max:10 dir:D:\SCARAVISION\iot-panel\.npm-cache\_logs\2025-11-09T13_41_44_434Z-
9 verbose logfile D:\SCARAVISION\iot-panel\.npm-cache\_logs\2025-11-09T13_41_44_434Z-debug-0.log
10 silly logfile start cleaning logs, removing 1 files
11 silly idealTree buildDeps
12 silly fetch manifest npm-check-updates@*
13 silly logfile done cleaning log files
14 http fetch GET 200 https://registry.npmjs.org/npm-check-updates 217ms (cache miss)
15 silly placeDep ROOT npm-check-updates@19.1.2 OK for:  want: *
16 silly reify moves {}
17 silly tarball no local data for npm-check-updates@https://registry.npmjs.org/npm-check-updates/-/npm-check-updates-19.1.2.tgz. Extracting by manifest.
18 http fetch GET 200 https://registry.npmjs.org/npm-check-updates/-/npm-check-updates-19.1.2.tgz 388ms (cache miss)
19 silly ADD node_modules/npm-check-updates
20 verbose exit 0
21 info ok
